<?xml version="1.0" encoding="UTF-8"?>
<!-- Generated by org.testng.reporters.JUnitReportReporter -->
<testsuite hostname="DELL-PC" name="Revanth.SeleniumTest" tests="1" failures="0" timestamp="26 Apr 2020 13:23:03 GMT" time="0.023" errors="0">
  <testcase name="sample" time="0.023" classname="Revanth.SeleniumTest"/>
</testsuite> <!-- Revanth.SeleniumTest -->
