<?xml version="1.0" encoding="UTF-8"?>
<!-- Generated by org.testng.reporters.JUnitReportReporter -->
<testsuite hostname="DELL-PC" name="Revanth.AppiumTest" tests="1" failures="0" timestamp="9 May 2020 07:12:31 GMT" time="0.875" errors="0">
  <testcase name="sample" time="0.875" classname="Revanth.AppiumTest"/>
</testsuite> <!-- Revanth.AppiumTest -->
